2024-06-13 16:57:15 info: Congratulations, your extension "Embold" is now active!
2024-06-13 16:57:15 info: tempDirectory : /home/michael/.vscode/extensions/embold-vscode.embold-0.1.8/temp
2024-06-13 16:57:16 info: Extraction complete for source: /home/michael/.vscode/extensions/embold-vscode.embold-0.1.8/resources/embold-scanner-archive.zip, destination: /home/michael/.vscode/extensions/embold-vscode.embold-0.1.8/temp
2024-06-13 16:57:16 info: Extension installed on machine OS : linux
2024-06-13 16:57:16 info: Fetched the issues from DB
2024-06-13 16:57:16 error: ERROR checking java version : Error: Command failed: java -version
/bin/sh: 1: java: not found

2024-06-13 16:57:16 info: Java version installed on machine : 
/bin/sh: 1: java: not found

2024-06-13 16:57:16 info: Java installed on machine.
2024-06-13 16:57:17 info: Embold extension version response:{"hasSupport":false,"version":"0.1.6","changeNotes":"<div> <p>Release Date: 09 Oct, 2023 <br><span>Bug fixes and improvements.</span></p> </div>"}
2024-06-13 16:57:17 info: Current installed embold extension version : 0.1.8
2024-06-13 16:57:17 info: Latest embold extension version on marketplace : 0.1.6
2024-06-14 07:29:49 info: Congratulations, your extension "Embold" is now active!
2024-06-14 07:29:49 info: tempDirectory : /home/michael/.vscode/extensions/embold-vscode.embold-0.1.8/temp
2024-06-14 07:29:51 info: Extraction complete for source: /home/michael/.vscode/extensions/embold-vscode.embold-0.1.8/resources/embold-scanner-archive.zip, destination: /home/michael/.vscode/extensions/embold-vscode.embold-0.1.8/temp
2024-06-14 07:29:51 info: Extension installed on machine OS : linux
2024-06-14 07:29:51 info: Fetched the issues from DB
2024-06-14 07:29:51 error: ERROR checking java version : Error: Command failed: java -version
/bin/sh: 1: java: not found

2024-06-14 07:29:51 info: Java version installed on machine : 
/bin/sh: 1: java: not found

2024-06-14 07:29:51 info: Java installed on machine.
2024-06-14 07:29:51 info: Embold extension version response:{"hasSupport":false,"version":"0.1.6","changeNotes":"<div> <p>Release Date: 09 Oct, 2023 <br><span>Bug fixes and improvements.</span></p> </div>"}
2024-06-14 07:29:51 info: Current installed embold extension version : 0.1.8
2024-06-14 07:29:51 info: Latest embold extension version on marketplace : 0.1.6
2024-06-14 07:40:10 info: Row(s) deleted
2024-06-14 07:41:51 info: Row(s) deleted
2024-06-14 07:50:04 info: Row(s) deleted
2024-06-14 07:55:59 info: Row(s) deleted
2024-06-14 07:56:04 info: Row(s) deleted
2024-06-14 07:57:18 info: Row(s) deleted
2024-06-14 07:57:18 info: Row(s) deleted
2024-06-14 07:57:18 info: Row(s) deleted
2024-06-14 07:57:18 info: Row(s) deleted
2024-06-14 07:57:18 info: Row(s) deleted
2024-06-14 07:57:18 info: Row(s) deleted
2024-06-14 07:57:18 info: Row(s) deleted
2024-06-14 07:57:18 info: Row(s) deleted
2024-06-14 07:57:18 info: Row(s) deleted
2024-06-14 11:06:25 info: Row(s) deleted
2024-06-14 11:06:25 info: Row(s) deleted
2024-06-14 11:06:25 info: Row(s) deleted
